 77.858920] fake_wifi: Loading Fake Wi-Fi Driver v1.0
[   77.858952] fake_wifi: Initializing fake hardware capabilities
[   77.859178] ieee80211 phy1: Selected rate control algorithm 'minstrel_ht'
[   77.859250] ------------[ cut here ]------------
[   77.859254] WARNING: CPU: 6 PID: 7930 at net/wireless/util.c:233 set_mandatory_flags_band+0xd7/0x1c0 [cfg80211]
[   77.859422] Modules linked in: fake_wifi(OE+) xt_mark rfcomm vhost_vsock vmw_vsock_virtio_transport_common vhost vhost_iotlb vsock xt_set ip_set xt_addrtype xfrm_user xfrm_algo xt_comment ccm cmac algif_hash algif_skcipher af_alg sctp ip6_udp_tunnel udp_tunnel nvidia_uvm(POE) xt_CHECKSUM xt_MASQUERADE xt_conntrack ipt_REJECT nf_reject_ipv4 xt_tcpudp nft_compat nft_chain_nat nf_tables nfnetlink bnep overlay openvswitch nsh nf_conncount nf_nat nf_conntrack nf_defrag_ipv6 nf_defrag_ipv4 libcrc32c nvidia_drm(POE) nvidia_modeset(POE) binfmt_misc snd_ctl_led snd_acp_legacy_mach intel_rapl_msr snd_acp_mach intel_rapl_common ledtrig_audio snd_soc_nau8821 nls_iso8859_1 nvidia(POE) snd_soc_dmic snd_acp3x_pdm_dma snd_acp3x_rn snd_sof_amd_acp63 snd_sof_amd_vangogh snd_sof_amd_rembrandt snd_sof_amd_renoir snd_sof_amd_acp snd_sof_pci snd_sof_xtensa_dsp snd_hda_codec_realtek snd_sof snd_hda_codec_generic snd_sof_utils amdgpu snd_hda_codec_hdmi iwlmvm snd_soc_core uvcvideo edac_mce_amd snd_hda_intel crct10dif_pclmul polyval_clmulni
[   77.859515]  snd_intel_dspcfg videobuf2_vmalloc snd_compress polyval_generic uvc snd_intel_sdw_acpi ghash_clmulni_intel ac97_bus videobuf2_memops snd_hda_codec snd_pcm_dmaengine videobuf2_v4l2 sha256_ssse3 snd_hda_core snd_pci_ps btusb sha1_ssse3 videodev aesni_intel snd_rpl_pci_acp6x mac80211 btrtl snd_acp_pci snd_hwdep btintel crypto_simd hp_wmi snd_acp_legacy_common cryptd snd_pci_acp6x btbcm videobuf2_common amdxcp btmtk sparse_keymap snd_seq_midi libarc4 input_leds rapl joydev drm_exec mc hid_multitouch wmi_bmof platform_profile serio_raw snd_seq_midi_event bluetooth snd_pcm gpu_sched snd_rawmidi drm_buddy snd_pci_acp5x ecdh_generic drm_suballoc_helper ecc snd_seq drm_ttm_helper iwlwifi ttm snd_seq_device drm_display_helper snd_timer snd_rn_pci_acp3x cec snd_acp_config rc_core snd_soc_acpi cfg80211 k10temp snd i2c_algo_bit snd_pci_acp3x soundcore mac_hid acpi_tad sch_fq_codel kvm_amd ccp kvm irqbypass iptable_filter ip6table_filter ip6_tables br_netfilter bridge stp llc arp_tables msr parport_pc ppdev lp parport
[   77.859614]  efi_pstore ip_tables x_tables autofs4 usbhid nvme hid_generic crc32_pclmul sdhci_pci nvme_core r8169 ucsi_acpi ahci cqhci typec_ucsi xhci_pci i2c_piix4 libahci xhci_pci_renesas sdhci nvme_auth realtek typec video i2c_hid_acpi i2c_hid wmi hid
[   77.859649] CPU: 6 PID: 7930 Comm: insmod Tainted: P           OE      6.8.0-79-generic #79~22.04.1-Ubuntu
[   77.859653] Hardware name: HP OMEN Laptop 15-en0xxx/8788, BIOS F.07 09/16/2020
[   77.859656] RIP: 0010:set_mandatory_flags_band+0xd7/0x1c0 [cfg80211]
[   77.859711] Code: 3c 03 75 d7 0f 0b eb d3 83 f8 05 0f 85 a4 00 00 00 8b 43 18 41 b8 07 00 00 00 31 f6 49 b9 00 04 10 00 00 00 80 00 85 c0 7f 15 <0f> 0b eb ad 66 83 f8 6e 74 58 83 0a 10 83 c6 01 39 73 18 7e 5e 48
[   77.859714] RSP: 0018:ffffba6417c478f0 EFLAGS: 00010206
[   77.859718] RAX: 000000000000000a RBX: ffffba6417c47af8 RCX: 0000000000000000
[   77.859720] RDX: ffffba6417c47aac RSI: 0000000000000001 RDI: 000000000000000c
[   77.859722] RBP: ffffba6417c47900 R08: 0000000000000006 R09: 0080000000100400
[   77.859723] R10: 0000000000000000 R11: 0000000000000000 R12: ffffba6417c47af8
[   77.859725] R13: 0000000000000000 R14: ffff92ea59b703c0 R15: 0000000000000001
[   77.859727] FS:  000076d8efd7bc40(0000) GS:ffff92ea67500000(0000) knlGS:0000000000000000
[   77.859729] CS:  0010 DS: 0000 ES: 0000 CR0: 0000000080050033
[   77.859731] CR2: 00005c01a24976f8 CR3: 00000001fc504000 CR4: 0000000000350ef0
[   77.859734] Call Trace:
[   77.859736]  <TASK>
[   77.859740]  ? show_regs+0x6d/0x80
[   77.859746]  ? __warn+0x89/0x160
[   77.859750]  ? set_mandatory_flags_band+0xd7/0x1c0 [cfg80211]
[   77.859795]  ? report_bug+0x17e/0x1b0
[   77.859801]  ? handle_bug+0x6e/0xb0
[   77.859805]  ? exc_invalid_op+0x18/0x80
[   77.859808]  ? asm_exc_invalid_op+0x1b/0x20
[   77.859815]  ? set_mandatory_flags_band+0xd7/0x1c0 [cfg80211]
[   77.859859]  ieee80211_set_bitrate_flags+0x3d/0x80 [cfg80211]
[   77.859904]  wiphy_register+0x683/0x8c0 [cfg80211]
[   77.859949]  ? srso_return_thunk+0x5/0x5f
[   77.859952]  ? __rtnl_unlock+0x37/0x70
[   77.859957]  ? srso_return_thunk+0x5/0x5f
[   77.859960]  ? netdev_run_todo+0x5f/0x350
[   77.859966]  ieee80211_register_hw+0x913/0xf60 [mac80211]
[   77.860058]  ? vprintk_emit+0x1f0/0x220
[   77.860065]  fake_wifi_init_hw.constprop.0.isra.0+0x10f/0x180 [fake_wifi]
[   77.860074]  fake_wifi_init+0x8e/0xff0 [fake_wifi]
[   77.860078]  ? __pfx_fake_wifi_init+0x10/0x10 [fake_wifi]
[   77.860081]  do_one_initcall+0x5e/0x340
[   77.860088]  do_init_module+0x97/0x290
[   77.860093]  load_module+0xb85/0xcd0
[   77.860097]  ? srso_return_thunk+0x5/0x5f
[   77.860100]  ? security_kernel_post_read_file+0x75/0x90
[   77.860107]  init_module_from_file+0x96/0x100
[   77.860110]  ? init_module_from_file+0x96/0x100
[   77.860112]  ? vm_mmap_pgoff+0x128/0x1a0
[   77.860120]  idempotent_init_module+0x11c/0x310
[   77.860126]  __x64_sys_finit_module+0x64/0xd0
[   77.860129]  x64_sys_call+0x15ed/0x2480
[   77.860132]  do_syscall_64+0x81/0x170
[   77.860135]  ? srso_return_thunk+0x5/0x5f
[   77.860138]  ? do_user_addr_fault+0x33f/0x680
[   77.860141]  ? srso_return_thunk+0x5/0x5f
[   77.860144]  ? irqentry_exit_to_user_mode+0x78/0x260
[   77.860148]  ? srso_return_thunk+0x5/0x5f
[   77.860150]  ? irqentry_exit+0x43/0x50
[   77.860153]  ? srso_return_thunk+0x5/0x5f
[   77.860155]  ? exc_page_fault+0x94/0x1b0
[   77.860159]  entry_SYSCALL_64_after_hwframe+0x78/0x80
[   77.860162] RIP: 0033:0x76d8ef51e88d
[   77.860185] Code: 5b 41 5c c3 66 0f 1f 84 00 00 00 00 00 f3 0f 1e fa 48 89 f8 48 89 f7 48 89 d6 48 89 ca 4d 89 c2 4d 89 c8 4c 8b 4c 24 08 0f 05 <48> 3d 01 f0 ff ff 73 01 c3 48 8b 0d 73 b5 0f 00 f7 d8 64 89 01 48
[   77.860187] RSP: 002b:00007ffd5185e6e8 EFLAGS: 00000246 ORIG_RAX: 0000000000000139
[   77.860190] RAX: ffffffffffffffda RBX: 00005c01a2492780 RCX: 000076d8ef51e88d
[   77.860192] RDX: 0000000000000000 RSI: 00005c01987aecd2 RDI: 0000000000000003
[   77.860194] RBP: 0000000000000000 R08: 0000000000000000 R09: 0000000000000000
[   77.860196] R10: 0000000000000003 R11: 0000000000000246 R12: 00005c01987aecd2
[   77.860197] R13: 00005c01a24966f0 R14: 00005c01987ad888 R15: 00005c01a2492890
[   77.860203]  </TASK>
[   77.860205] ---[ end trace 0000000000000000 ]---
[   77.861597] fake_wifi: Hardware registered successfully with mac80211
[   77.861603] fake_wifi: Fake AP ready - SSID: TestAP, BSSID: 02:00:00:00:00:01
[   77.861607] fake_wifi: Driver loaded successfully
[   77.861609] fake_wifi: Use 'iw dev wlan0 scan trigger' to test probe requests
[   77.861623] BUG: kernel NULL pointer dereference, address: 0000000000000068
[   77.861633] #PF: supervisor read access in kernel mode
[   77.861637] #PF: error_code(0x0000) - not-present page
[   77.861640] PGD 0 P4D 0 
[   77.861646] Oops: 0000 [#1] PREEMPT SMP NOPTI
[   77.861651] CPU: 4 PID: 1170 Comm: NetworkManager Tainted: P        W  OE      6.8.0-79-generic #79~22.04.1-Ubuntu
[   77.861656] Hardware name: HP OMEN Laptop 15-en0xxx/8788, BIOS F.07 09/16/2020
[   77.861659] RIP: 0010:cfg80211_get_drvinfo+0x25/0x190 [cfg80211]
[   77.861781] Code: 90 90 90 90 90 0f 1f 44 00 00 55 48 89 e5 41 56 41 55 41 54 53 4c 8b a7 10 04 00 00 48 89 f3 49 8b 04 24 48 8b 80 b8 01 00 00 <48> 8b 40 68 48 85 c0 0f 84 34 01 00 00 4c 8b 28 4c 8d 76 04 be 20
[   77.861786] RSP: 0018:ffffba6401e4b920 EFLAGS: 00010286
[   77.861791] RAX: 0000000000000000 RBX: ffff92e941e9ff08 RCX: 636972656e65672d
[   77.861795] RDX: 000000000001448a RSI: ffff92e941e9ff08 RDI: ffff92e948344000
[   77.861798] RBP: ffffba6401e4b940 R08: 0000000000000000 R09: 0000000000000000
[   77.861801] R10: 0000000000000000 R11: 0000000000000000 R12: ffff92e9483449f0
[   77.861804] R13: ffffffffc0fb80a0 R14: 0000000000000000 R15: ffffba6401e4bb27
[   77.861806] FS:  0000723d87f2f4c0(0000) GS:ffff92ea67400000(0000) knlGS:0000000000000000
[   77.861810] CS:  0010 DS: 0000 ES: 0000 CR0: 0000000080050033
[   77.861813] CR2: 0000000000000068 CR3: 000000010d6ca000 CR4: 0000000000350ef0
[   77.861817] Call Trace:
[   77.861820]  <TASK>
[   77.861827]  ? show_regs+0x6d/0x80
[   77.861834]  ? __die+0x24/0x80
[   77.861839]  ? page_fault_oops+0x99/0x1b0
[   77.861848]  ? do_user_addr_fault+0x2f5/0x680
[   77.861854]  ? exc_page_fault+0x83/0x1b0
[   77.861861]  ? asm_exc_page_fault+0x27/0x30
[   77.861873]  ? cfg80211_get_drvinfo+0x25/0x190 [cfg80211]
[   77.861932]  ethtool_get_drvinfo+0x67/0x2b0
[   77.861938]  ? srso_return_thunk+0x5/0x5f
[   77.861944]  __dev_ethtool+0x59f/0x2020
[   77.861951]  ? srso_return_thunk+0x5/0x5f
[   77.861954]  ? down_read+0x12/0xc0
[   77.861959]  ? srso_return_thunk+0x5/0x5f
[   77.861962]  ? sk_ioctl+0x4e/0x110
[   77.861968]  ? __check_object_size.part.0+0x3a/0x150
[   77.861975]  ? srso_return_thunk+0x5/0x5f
[   77.861978]  ? kmalloc_trace+0x139/0x360
[   77.861985]  ? srso_return_thunk+0x5/0x5f
[   77.861989]  ? dev_ethtool+0x92/0x1b0
[   77.861995]  dev_ethtool+0xdf/0x1b0
[   77.862000]  dev_ioctl+0x16f/0x560
[   77.862007]  sock_do_ioctl+0xe7/0x140
[   77.862016]  sock_ioctl+0xfc/0x350
[   77.862023]  __x64_sys_ioctl+0xa3/0xf0
[   77.862030]  x64_sys_call+0xa71/0x2480
[   77.862035]  do_syscall_64+0x81/0x170
[   77.862042]  ? srso_return_thunk+0x5/0x5f
[   77.862045]  ? __fput+0x160/0x2e0
[   77.862051]  ? srso_return_thunk+0x5/0x5f
[   77.862054]  ? __fput_sync+0x1c/0x30
[   77.862058]  ? srso_return_thunk+0x5/0x5f
[   77.862062]  ? srso_return_thunk+0x5/0x5f
[   77.862065]  ? syscall_exit_to_user_mode+0x83/0x260
[   77.862070]  ? srso_return_thunk+0x5/0x5f
[   77.862073]  ? do_syscall_64+0x8d/0x170
[   77.862078]  ? srso_return_thunk+0x5/0x5f
[   77.862081]  ? srso_return_thunk+0x5/0x5f
[   77.862085]  ? kmem_cache_alloc+0x133/0x370
[   77.862090]  ? srso_return_thunk+0x5/0x5f
[   77.862093]  ? apparmor_file_alloc_security+0x43/0x1e0
[   77.862099]  ? srso_return_thunk+0x5/0x5f
[   77.862102]  ? security_file_alloc+0x62/0xf0
[   77.862109]  ? srso_return_thunk+0x5/0x5f
[   77.862112]  ? alloc_empty_file+0x85/0x130
[   77.862117]  ? srso_return_thunk+0x5/0x5f
[   77.862121]  ? alloc_file+0x9b/0x170
[   77.862125]  ? srso_return_thunk+0x5/0x5f
[   77.862129]  ? alloc_file_pseudo+0x9e/0x100
[   77.862136]  ? srso_return_thunk+0x5/0x5f
[   77.862139]  ? __sys_socket+0xe7/0x120
[   77.862145]  ? srso_return_thunk+0x5/0x5f
[   77.862148]  ? syscall_exit_to_user_mode+0x83/0x260
[   77.862153]  ? srso_return_thunk+0x5/0x5f
[   77.862157]  ? do_syscall_64+0x8d/0x170
[   77.862161]  ? srso_return_thunk+0x5/0x5f
[   77.862165]  entry_SYSCALL_64_after_hwframe+0x78/0x80
[   77.862171] RIP: 0033:0x723d88f1a94f
[   77.862214] Code: 00 48 89 44 24 18 31 c0 48 8d 44 24 60 c7 04 24 10 00 00 00 48 89 44 24 08 48 8d 44 24 20 48 89 44 24 10 b8 10 00 00 00 0f 05 <41> 89 c0 3d 00 f0 ff ff 77 1f 48 8b 44 24 18 64 48 2b 04 25 28 00
[   77.862218] RSP: 002b:00007ffcf65712b0 EFLAGS: 00000246 ORIG_RAX: 0000000000000010
[   77.862223] RAX: ffffffffffffffda RBX: 00007ffcf6571440 RCX: 0000723d88f1a94f
[   77.862226] RDX: 00007ffcf6571460 RSI: 0000000000008946 RDI: 000000000000001d
[   77.862229] RBP: 00007ffcf65715b0 R08: 000000000000000a R09: 0000000000000000
[   77.862232] R10: 00007ffcf6571400 R11: 0000000000000246 R12: 0000000000000008
[   77.862235] R13: 0000000000000000 R14: 00007ffcf6571460 R15: 00007ffcf6571440
[   77.862243]  </TASK>
[   77.862245] Modules linked in: fake_wifi(OE) xt_mark rfcomm vhost_vsock vmw_vsock_virtio_transport_common vhost vhost_iotlb vsock xt_set ip_set xt_addrtype xfrm_user xfrm_algo xt_comment ccm cmac algif_hash algif_skcipher af_alg sctp ip6_udp_tunnel udp_tunnel nvidia_uvm(POE) xt_CHECKSUM xt_MASQUERADE xt_conntrack ipt_REJECT nf_reject_ipv4 xt_tcpudp nft_compat nft_chain_nat nf_tables nfnetlink bnep overlay openvswitch nsh nf_conncount nf_nat nf_conntrack nf_defrag_ipv6 nf_defrag_ipv4 libcrc32c nvidia_drm(POE) nvidia_modeset(POE) binfmt_misc snd_ctl_led snd_acp_legacy_mach intel_rapl_msr snd_acp_mach intel_rapl_common ledtrig_audio snd_soc_nau8821 nls_iso8859_1 nvidia(POE) snd_soc_dmic snd_acp3x_pdm_dma snd_acp3x_rn snd_sof_amd_acp63 snd_sof_amd_vangogh snd_sof_amd_rembrandt snd_sof_amd_renoir snd_sof_amd_acp snd_sof_pci snd_sof_xtensa_dsp snd_hda_codec_realtek snd_sof snd_hda_codec_generic snd_sof_utils amdgpu snd_hda_codec_hdmi iwlmvm snd_soc_core uvcvideo edac_mce_amd snd_hda_intel crct10dif_pclmul polyval_clmulni
[   77.862351]  snd_intel_dspcfg videobuf2_vmalloc snd_compress polyval_generic uvc snd_intel_sdw_acpi ghash_clmulni_intel ac97_bus videobuf2_memops snd_hda_codec snd_pcm_dmaengine videobuf2_v4l2 sha256_ssse3 snd_hda_core snd_pci_ps btusb sha1_ssse3 videodev aesni_intel snd_rpl_pci_acp6x mac80211 btrtl snd_acp_pci snd_hwdep btintel crypto_simd hp_wmi snd_acp_legacy_common cryptd snd_pci_acp6x btbcm videobuf2_common amdxcp btmtk sparse_keymap snd_seq_midi libarc4 input_leds rapl joydev drm_exec mc hid_multitouch wmi_bmof platform_profile serio_raw snd_seq_midi_event bluetooth snd_pcm gpu_sched snd_rawmidi drm_buddy snd_pci_acp5x ecdh_generic drm_suballoc_helper ecc snd_seq drm_ttm_helper iwlwifi ttm snd_seq_device drm_display_helper snd_timer snd_rn_pci_acp3x cec snd_acp_config rc_core snd_soc_acpi cfg80211 k10temp snd i2c_algo_bit snd_pci_acp3x soundcore mac_hid acpi_tad sch_fq_codel kvm_amd ccp kvm irqbypass iptable_filter ip6table_filter ip6_tables br_netfilter bridge stp llc arp_tables msr parport_pc ppdev lp parport
[   77.862487]  efi_pstore ip_tables x_tables autofs4 usbhid nvme hid_generic crc32_pclmul sdhci_pci nvme_core r8169 ucsi_acpi ahci cqhci typec_ucsi xhci_pci i2c_piix4 libahci xhci_pci_renesas sdhci nvme_auth realtek typec video i2c_hid_acpi i2c_hid wmi hid
[   77.862509] CR2: 0000000000000068
[   77.862509] ---[ end trace 0000000000000000 ]---
[   77.942157] RIP: 0010:cfg80211_get_drvinfo+0x25/0x190 [cfg80211]
[   77.942157] Code: 90 90 90 90 90 0f 1f 44 00 00 55 48 89 e5 41 56 41 55 41 54 53 4c 8b a7 10 04 00 00 48 89 f3 49 8b 04 24 48 8b 80 b8 01 00 00 <48> 8b 40 68 48 85 c0 0f 84 34 01 00 00 4c 8b 28 4c 8d 76 04 be 20
[   77.942157] RSP: 0018:ffffba6401e4b920 EFLAGS: 00010286
[   77.942157] RAX: 0000000000000000 RBX: ffff92e941e9ff08 RCX: 636972656e65672d
[   77.942157] RDX: 000000000001448a RSI: ffff92e941e9ff08 RDI: ffff92e948344000
[   77.942157] RBP: ffffba6401e4b940 R08: 0000000000000000 R09: 0000000000000000
[   77.942157] R10: 0000000000000000 R11: 0000000000000000 R12: ffff92e9483449f0
[   77.942157] R13: ffffffffc0fb80a0 R14: 0000000000000000 R15: ffffba6401e4bb27
[   77.942157] FS:  0000723d87f2f4c0(0000) GS:ffff92ea67400000(0000) knlGS:0000000000000000
[   77.942157] CS:  0010 DS: 0000 ES: 0000 CR0: 0000000080050033
[   77.942157] CR2: 0000000000000068 CR3: 000000010d6ca000 CR4: 0000000000350ef0
[   77.942157] note: NetworkManager[1170] exited with irqs disabled

